<?xml version="1.0" encoding="UTF-8"?>
<!-- Generated by org.testng.reporters.JUnitXMLReporter -->
<testsuite ignored="0" hostname="LAPTOP-AEV82KIN" failures="0" tests="4" name="Surefire test" time="0.103" errors="0" timestamp="2020-05-21T11:29:52 CDT">
  <testcase classname="qaclickacademy.Mavenjava.AppTest" name="hru on hru(qaclickacademy.Mavenjava.AppTest)" time="0.012"/>
  <testcase classname="qaclickacademy.Mavenjava.AppTest" name="welcome on welcome(qaclickacademy.Mavenjava.AppTest)" time="0.011"/>
  <testcase classname="qaclickacademy.Mavenjava.SeleniumTest" name="browserautomation on browserautomation(qaclickacademy.Mavenjava.SeleniumTest)" time="0.002"/>
  <testcase classname="qaclickacademy.Mavenjava.SeleniumTest" name="UI on UI(qaclickacademy.Mavenjava.SeleniumTest)" time="0.002"/>
</testsuite> <!-- Surefire test -->
