<?xml version="1.0" encoding="UTF-8"?>
<testng-results ignored="0" total="2" passed="2" failed="0" skipped="0">
  <reporter-output>
  </reporter-output>
  <suite started-at="2020-05-24T13:06:24 CDT" name="Suite" finished-at="2020-05-24T13:06:24 CDT" duration-ms="69">
    <groups>
    </groups>
    <test started-at="2020-05-24T13:06:24 CDT" name="Test" finished-at="2020-05-24T13:06:24 CDT" duration-ms="69">
      <class name="qaclickacademy.Mavenjava.AppTest">
        <test-method signature="hru()[pri:0, instance:qaclickacademy.Mavenjava.AppTest@2aece37d]" started-at="2020-05-24T13:06:24 CDT" name="hru" finished-at="2020-05-24T13:06:24 CDT" duration-ms="8" status="PASS">
          <reporter-output>
          </reporter-output>
        </test-method> <!-- hru -->
        <test-method signature="welcome()[pri:0, instance:qaclickacademy.Mavenjava.AppTest@2aece37d]" started-at="2020-05-24T13:06:24 CDT" name="welcome" finished-at="2020-05-24T13:06:24 CDT" duration-ms="0" status="PASS">
          <reporter-output>
          </reporter-output>
        </test-method> <!-- welcome -->
      </class> <!-- qaclickacademy.Mavenjava.AppTest -->
    </test> <!-- Test -->
  </suite> <!-- Suite -->
</testng-results>
