<?xml version="1.0" encoding="UTF-8"?>
<testng-results ignored="0" total="2" passed="2" failed="0" skipped="0">
  <reporter-output>
  </reporter-output>
  <suite started-at="2020-05-21T19:06:08 CDT" name="Default suite" finished-at="2020-05-21T19:06:08 CDT" duration-ms="94">
    <groups>
    </groups>
    <test started-at="2020-05-21T19:06:08 CDT" name="Default test" finished-at="2020-05-21T19:06:08 CDT" duration-ms="94">
      <class name="qaclickacademy.Mavenjava.SeleniumTest">
        <test-method signature="UI()[pri:0, instance:qaclickacademy.Mavenjava.SeleniumTest@318ba8c8]" started-at="2020-05-21T19:06:08 CDT" name="UI" finished-at="2020-05-21T19:06:08 CDT" duration-ms="13" status="PASS">
          <reporter-output>
          </reporter-output>
        </test-method> <!-- UI -->
        <test-method signature="browserautomation()[pri:0, instance:qaclickacademy.Mavenjava.SeleniumTest@318ba8c8]" started-at="2020-05-21T19:06:08 CDT" name="browserautomation" finished-at="2020-05-21T19:06:08 CDT" duration-ms="2" status="PASS">
          <reporter-output>
          </reporter-output>
        </test-method> <!-- browserautomation -->
      </class> <!-- qaclickacademy.Mavenjava.SeleniumTest -->
    </test> <!-- Default test -->
  </suite> <!-- Default suite -->
</testng-results>
